Compilación iniciada a las 24/10/2018 10:02:36 a. m..
     1>Proyecto "C:\Users\nga_a\Documents\Visual Studio 2012\Projects\CifradoPlayfair\CifradoPlayfair\CifradoPlayfair.vcxproj" en el nodo 2 (Build destinos).
     1>ClCompile:
         C:\Program Files (x86)\Microsoft Visual Studio 11.0\VC\bin\CL.exe /c /ZI /nologo /W3 /WX- /sdl /Od /Oy- /D WIN32 /D _DEBUG /D _CONSOLE /D _UNICODE /D UNICODE /Gm /EHsc /RTC1 /MDd /GS /fp:precise /Zc:wchar_t /Zc:forScope /Yu"stdafx.h" /Fp"Debug\CifradoPlayfair.pch" /Fo"Debug\\" /Fd"Debug\vc110.pdb" /Gd /TP /analyze- /errorReport:prompt CifradoPlayfair.cpp
         CifradoPlayfair.cpp
     1>c:\users\nga_a\documents\visual studio 2012\projects\cifradoplayfair\cifradoplayfair\cifradoplayfair.cpp(6): warning C4067: símbolos (token) inesperados después de la directiva del preprocesador; se esperaba una nueva línea
     1>c:\users\nga_a\documents\visual studio 2012\projects\cifradoplayfair\cifradoplayfair\cifradoplayfair.cpp(35): warning C4018: '<' : no coinciden signed/unsigned
     1>c:\users\nga_a\documents\visual studio 2012\projects\cifradoplayfair\cifradoplayfair\cifradoplayfair.cpp(46): warning C4018: '<' : no coinciden signed/unsigned
     1>c:\users\nga_a\documents\visual studio 2012\projects\cifradoplayfair\cifradoplayfair\cifradoplayfair.cpp(61): warning C4018: '<' : no coinciden signed/unsigned
     1>c:\users\nga_a\documents\visual studio 2012\projects\cifradoplayfair\cifradoplayfair\cifradoplayfair.cpp(72): warning C4018: '<=' : no coinciden signed/unsigned
     1>c:\users\nga_a\documents\visual studio 2012\projects\cifradoplayfair\cifradoplayfair\cifradoplayfair.cpp(122): warning C4018: '<=' : no coinciden signed/unsigned
     1>c:\users\nga_a\documents\visual studio 2012\projects\cifradoplayfair\cifradoplayfair\cifradoplayfair.cpp(158): warning C4018: '<' : no coinciden signed/unsigned
     1>c:\users\nga_a\documents\visual studio 2012\projects\cifradoplayfair\cifradoplayfair\cifradoplayfair.cpp(187): warning C4018: '<' : no coinciden signed/unsigned
     1>c:\users\nga_a\documents\visual studio 2012\projects\cifradoplayfair\cifradoplayfair\cifradoplayfair.cpp(197): warning C4018: '<=' : no coinciden signed/unsigned
     1>c:\users\nga_a\documents\visual studio 2012\projects\cifradoplayfair\cifradoplayfair\cifradoplayfair.cpp(253): warning C4018: '<' : no coinciden signed/unsigned
       Link:
         C:\Program Files (x86)\Microsoft Visual Studio 11.0\VC\bin\link.exe /ERRORREPORT:PROMPT /OUT:"C:\Users\nga_a\Documents\Visual Studio 2012\Projects\CifradoPlayfair\Debug\CifradoPlayfair.exe" /INCREMENTAL /NOLOGO kernel32.lib user32.lib gdi32.lib winspool.lib comdlg32.lib advapi32.lib shell32.lib ole32.lib oleaut32.lib uuid.lib odbc32.lib odbccp32.lib /MANIFEST /MANIFESTUAC:"level='asInvoker' uiAccess='false'" /manifest:embed /DEBUG /PDB:"C:\Users\nga_a\Documents\Visual Studio 2012\Projects\CifradoPlayfair\Debug\CifradoPlayfair.pdb" /SUBSYSTEM:CONSOLE /TLBID:1 /DYNAMICBASE /NXCOMPAT /IMPLIB:"C:\Users\nga_a\Documents\Visual Studio 2012\Projects\CifradoPlayfair\Debug\CifradoPlayfair.lib" /MACHINE:X86 Debug\CifradoPlayfair.obj
         Debug\stdafx.obj
         CifradoPlayfair.vcxproj -> C:\Users\nga_a\Documents\Visual Studio 2012\Projects\CifradoPlayfair\Debug\CifradoPlayfair.exe
     1>Compilación del proyecto terminada "C:\Users\nga_a\Documents\Visual Studio 2012\Projects\CifradoPlayfair\CifradoPlayfair\CifradoPlayfair.vcxproj" (Build destinos).

Compilación correcta.

Tiempo transcurrido 00:00:04.78
